SF:lib\common\exception.dart
DA:4,4
DA:6,0
DA:7,0
DA:13,3
DA:15,0
DA:16,0
LF:6
LH:2
end_of_record
SF:lib\data\datasources\movie\movie_local_data_source.dart
DA:15,1
DA:17,1
DA:20,2
DA:23,2
DA:27,1
DA:30,2
DA:33,2
DA:37,1
DA:39,2
DA:41,1
DA:47,1
DA:49,2
DA:50,4
LF:13
LH:13
end_of_record
SF:lib\data\models\watchlist_table.dart
DA:14,4
DA:22,4
DA:23,2
DA:24,2
DA:25,2
DA:26,2
DA:27,2
DA:30,2
DA:31,1
DA:32,1
DA:33,1
DA:34,1
DA:35,1
DA:38,4
DA:39,2
DA:40,2
DA:41,2
DA:42,2
DA:46,4
DA:47,2
DA:48,2
DA:49,2
DA:50,2
DA:53,4
DA:54,2
DA:55,2
DA:56,2
DA:57,2
DA:60,4
DA:61,2
DA:62,2
DA:63,2
DA:64,2
DA:67,4
DA:68,24
LF:35
LH:35
end_of_record
SF:lib\domain\entities\movie\genre.dart
DA:4,7
DA:12,2
DA:13,6
LF:3
LH:3
end_of_record
SF:lib\domain\entities\tv\genre.dart
DA:7,7
DA:9,2
DA:10,6
LF:3
LH:3
end_of_record
SF:lib\domain\entities\movie\movie.dart
DA:5,11
DA:21,2
DA:42,8
DA:43,8
DA:44,8
DA:45,8
DA:46,8
DA:47,8
DA:48,8
DA:49,8
DA:50,8
DA:51,8
DA:52,8
DA:53,8
DA:54,8
DA:55,8
DA:56,8
LF:17
LH:17
end_of_record
SF:lib\domain\entities\movie\movie_detail.dart
DA:5,8
DA:33,2
DA:34,2
DA:35,2
DA:36,2
DA:37,2
DA:38,2
DA:39,2
DA:40,2
DA:41,2
DA:42,2
DA:43,2
DA:44,2
DA:45,2
LF:14
LH:14
end_of_record
SF:lib\domain\entities\tv\tv.dart
DA:5,11
DA:18,2
DA:36,8
DA:37,8
DA:38,8
DA:39,8
DA:40,8
DA:41,8
DA:42,8
DA:43,8
DA:44,8
DA:45,8
DA:46,8
DA:47,8
DA:50,2
DA:51,2
LF:16
LH:16
end_of_record
SF:lib\domain\entities\tv\tv_detail.dart
DA:22,8
DA:40,2
DA:41,2
DA:42,2
DA:43,2
DA:44,2
DA:45,2
DA:46,2
DA:47,2
DA:48,2
DA:49,2
DA:50,2
DA:51,2
DA:52,2
DA:53,2
DA:54,2
DA:55,2
DA:56,2
LF:18
LH:18
end_of_record
SF:lib\common\failure.dart
DA:6,16
DA:8,2
DA:9,4
DA:13,28
DA:17,4
DA:21,8
LF:6
LH:6
end_of_record
SF:lib\data\datasources\db\database_helper.dart
DA:8,0
DA:12,0
DA:16,0
DA:18,0
DA:25,0
DA:26,0
DA:27,0
DA:29,0
DA:33,0
DA:34,0
DA:45,0
DA:46,0
DA:47,0
DA:50,0
DA:51,0
DA:52,0
DA:55,0
DA:59,0
DA:60,0
DA:61,0
DA:64,0
DA:67,0
DA:68,0
DA:74,0
DA:75,0
DA:76,0
DA:79,0
LF:27
LH:0
end_of_record
SF:lib\data\datasources\movie\movie_remote_data_source.dart
DA:25,1
DA:26,0
DA:27,0
DA:28,0
DA:29,0
DA:32,1
DA:35,3
DA:37,2
DA:38,4
DA:40,1
DA:44,1
DA:47,4
DA:49,2
DA:50,3
DA:52,1
DA:56,1
DA:58,1
DA:59,3
DA:61,2
DA:62,4
DA:64,1
DA:68,1
DA:71,3
DA:73,2
DA:74,4
DA:76,1
DA:80,1
DA:83,3
DA:85,2
DA:86,4
DA:88,1
DA:92,1
DA:94,1
DA:95,3
DA:97,2
DA:98,4
DA:100,1
LF:37
LH:33
end_of_record
SF:lib\data\datasources\tv\tv_remote_data_source.dart
DA:25,1
DA:27,0
DA:28,0
DA:29,0
DA:30,0
DA:33,1
DA:36,3
DA:38,2
DA:39,4
DA:41,1
DA:45,1
DA:48,3
DA:50,2
DA:51,4
DA:53,1
DA:57,1
DA:60,3
DA:62,2
DA:63,4
DA:65,1
DA:69,1
DA:71,4
DA:73,2
DA:74,1
DA:75,4
DA:76,3
DA:78,1
DA:82,1
DA:84,1
DA:85,3
DA:87,2
DA:88,4
DA:90,1
DA:94,1
DA:96,1
DA:97,3
DA:99,2
DA:100,4
DA:102,1
LF:39
LH:35
end_of_record
SF:lib\data\models\movie\movie_detail_model.dart
DA:6,2
DA:52,1
DA:53,1
DA:54,1
DA:55,1
DA:56,1
DA:57,1
DA:58,4
DA:59,1
DA:60,1
DA:61,1
DA:62,1
DA:63,1
DA:64,1
DA:65,2
DA:66,1
DA:67,1
DA:68,1
DA:69,1
DA:70,1
DA:71,1
DA:72,1
DA:73,1
DA:74,2
DA:75,1
DA:78,0
DA:79,0
DA:80,0
DA:81,0
DA:82,0
DA:83,0
DA:84,0
DA:85,0
DA:86,0
DA:87,0
DA:88,0
DA:89,0
DA:90,0
DA:91,0
DA:92,0
DA:93,0
DA:94,0
DA:95,0
DA:96,0
DA:97,0
DA:98,0
DA:99,0
DA:102,1
DA:103,1
DA:104,1
DA:105,1
DA:106,5
DA:107,1
DA:108,1
DA:109,1
DA:110,1
DA:111,1
DA:112,1
DA:113,1
DA:114,1
DA:115,1
DA:119,1
DA:120,1
DA:121,1
DA:122,1
DA:123,1
DA:124,1
DA:125,1
DA:126,1
DA:127,1
DA:128,1
DA:129,1
DA:130,1
DA:131,1
DA:132,1
DA:133,1
DA:134,1
DA:135,1
DA:136,1
DA:137,1
DA:138,1
DA:139,1
DA:140,1
DA:141,1
LF:84
LH:62
end_of_record
SF:lib\data\models\movie\movie_model.dart
DA:5,4
DA:35,4
DA:36,2
DA:37,2
DA:38,8
DA:39,2
DA:40,2
DA:41,2
DA:42,4
DA:43,2
DA:44,2
DA:45,2
DA:46,2
DA:47,4
DA:48,2
DA:51,2
DA:52,1
DA:53,1
DA:54,4
DA:55,1
DA:56,1
DA:57,1
DA:58,1
DA:59,1
DA:60,1
DA:61,1
DA:62,1
DA:63,1
DA:64,1
DA:67,2
DA:68,2
DA:69,2
DA:70,2
DA:71,2
DA:72,2
DA:73,2
DA:74,2
DA:75,2
DA:76,2
DA:77,2
DA:78,2
DA:79,2
DA:80,2
DA:81,2
DA:85,2
DA:86,2
DA:87,2
DA:88,2
DA:89,2
DA:90,2
DA:91,2
DA:92,2
DA:93,2
DA:94,2
DA:95,2
DA:96,2
DA:97,2
DA:98,2
DA:99,2
LF:59
LH:59
end_of_record
SF:lib\data\models\tv\detail_model\tv_detail_model.dart
DA:48,2
DA:83,1
DA:84,1
DA:85,1
DA:86,1
DA:87,1
DA:88,2
DA:89,2
DA:92,2
DA:93,1
DA:94,1
DA:95,2
DA:96,2
DA:99,1
DA:100,1
DA:101,1
DA:102,2
DA:103,1
DA:104,1
DA:105,2
DA:107,1
DA:108,1
DA:109,1
DA:110,2
DA:111,2
DA:114,1
DA:115,1
DA:116,2
DA:117,1
DA:118,1
DA:119,1
DA:120,2
DA:121,1
DA:122,1
DA:123,2
DA:124,2
DA:127,1
DA:128,2
DA:129,2
DA:132,1
DA:133,2
DA:134,2
DA:137,1
DA:138,2
DA:139,2
DA:142,1
DA:143,1
DA:144,1
DA:145,2
DA:146,1
DA:149,1
DA:150,1
DA:151,1
DA:152,1
DA:153,1
DA:154,1
DA:155,1
DA:156,1
DA:157,1
DA:158,1
DA:159,7
DA:160,2
DA:161,0
DA:162,0
DA:163,0
DA:164,0
DA:166,0
DA:167,0
DA:168,0
DA:169,0
DA:171,0
DA:172,0
DA:176,0
DA:177,0
DA:178,0
DA:181,1
DA:182,1
DA:183,1
DA:184,1
DA:185,1
DA:186,1
DA:190,1
DA:191,3
DA:193,1
DA:195,20
LF:85
LH:72
end_of_record
SF:lib\data\models\tv\tv_model.dart
DA:5,4
DA:29,4
DA:30,2
DA:31,8
DA:32,2
DA:33,2
DA:34,2
DA:35,4
DA:36,2
DA:37,2
DA:38,4
DA:39,2
DA:42,2
DA:43,1
DA:44,4
DA:45,1
DA:46,1
DA:47,1
DA:48,1
DA:49,1
DA:50,1
DA:51,1
DA:52,1
DA:55,2
DA:56,2
DA:57,2
DA:58,2
DA:59,2
DA:60,2
DA:61,2
DA:62,2
DA:63,2
DA:64,2
DA:65,2
DA:66,2
DA:70,2
DA:71,2
DA:72,2
DA:73,2
DA:74,2
DA:75,2
DA:76,2
DA:77,2
DA:78,2
DA:79,2
DA:80,2
DA:81,2
LF:47
LH:47
end_of_record
SF:lib\common\ssl_pinning.dart
DA:7,0
DA:9,0
DA:10,0
DA:11,0
DA:12,0
DA:13,0
DA:14,0
DA:15,0
DA:16,0
LF:9
LH:0
end_of_record
SF:lib\data\models\movie\movie_response.dart
DA:7,2
DA:9,4
DA:10,2
DA:11,8
DA:14,2
DA:15,5
DA:18,1
DA:19,2
LF:8
LH:8
end_of_record
SF:lib\data\models\tv\tv_response.dart
DA:7,2
DA:9,4
DA:10,2
DA:11,4
DA:12,4
DA:17,2
DA:18,5
DA:21,1
DA:22,2
LF:9
LH:9
end_of_record
SF:lib\data\models\movie\genre_model.dart
DA:5,2
DA:13,2
DA:14,1
DA:15,1
DA:18,0
DA:19,0
DA:20,0
DA:23,1
DA:24,3
DA:27,1
DA:28,3
LF:11
LH:8
end_of_record
SF:lib\data\models\tv\detail_model\created_by_model.dart
DA:8,1
DA:16,2
DA:17,1
DA:18,1
DA:19,1
DA:20,1
DA:21,1
LF:7
LH:7
end_of_record
SF:lib\data\models\tv\detail_model\genre_model.dart
DA:5,2
DA:7,2
DA:8,1
DA:9,1
DA:12,0
DA:13,0
DA:14,0
LF:7
LH:4
end_of_record
SF:lib\data\models\tv\detail_model\last_episode_model.dart
DA:15,1
DA:30,1
DA:31,1
DA:32,1
DA:33,1
DA:34,1
DA:35,2
DA:36,1
DA:37,1
DA:38,1
DA:39,1
DA:40,1
DA:41,1
DA:42,1
DA:43,1
LF:15
LH:15
end_of_record
SF:lib\data\models\tv\detail_model\network_model.dart
DA:7,1
DA:14,2
DA:15,1
DA:16,1
DA:17,1
DA:18,1
LF:6
LH:6
end_of_record
SF:lib\data\models\tv\detail_model\production_company_model.dart
DA:7,1
DA:14,1
DA:15,1
DA:16,1
DA:17,1
DA:18,1
DA:19,1
LF:7
LH:7
end_of_record
SF:lib\data\models\tv\detail_model\production_country_model.dart
DA:5,1
DA:10,1
DA:11,1
DA:12,1
DA:13,1
LF:5
LH:5
end_of_record
SF:lib\data\models\tv\detail_model\season_model.dart
DA:11,1
DA:22,2
DA:23,1
DA:24,1
DA:25,1
DA:26,1
DA:27,1
DA:28,1
DA:29,1
DA:30,2
LF:10
LH:10
end_of_record
SF:lib\data\models\tv\detail_model\spoken_language_model.dart
DA:6,1
DA:12,1
DA:13,1
DA:14,1
DA:15,1
DA:16,1
LF:6
LH:6
end_of_record
SF:lib\domain\entities\tv\season.dart
DA:13,0
DA:24,0
DA:25,0
DA:26,0
DA:27,0
DA:28,0
DA:29,0
DA:30,0
DA:31,0
DA:32,0
DA:33,0
LF:11
LH:0
end_of_record
SF:lib\data\repositories\movie_repository_impl.dart
DA:17,1
DA:22,1
DA:25,2
DA:26,5
DA:27,1
DA:28,2
DA:29,1
DA:30,2
DA:34,1
DA:37,2
DA:38,2
DA:39,1
DA:40,2
DA:41,1
DA:42,2
DA:46,1
DA:49,2
DA:50,3
DA:51,1
DA:52,2
DA:53,1
DA:54,2
DA:58,1
DA:61,2
DA:62,5
DA:63,1
DA:64,2
DA:65,1
DA:66,2
DA:70,1
DA:73,2
DA:74,5
DA:75,1
DA:76,2
DA:77,1
DA:78,2
DA:82,1
DA:85,2
DA:86,5
DA:87,1
DA:88,2
DA:89,1
DA:90,2
DA:94,1
DA:97,1
DA:98,2
DA:99,1
DA:100,1
DA:101,3
DA:107,1
DA:110,1
DA:111,2
DA:112,1
DA:113,1
DA:114,3
DA:118,1
DA:120,2
DA:124,1
DA:126,2
DA:127,5
LF:60
LH:60
end_of_record
SF:lib\data\repositories\tv_repository_impl.dart
DA:17,1
DA:21,1
DA:24,2
DA:26,5
DA:27,1
DA:28,2
DA:29,1
DA:30,2
DA:34,1
DA:37,2
DA:39,5
DA:40,1
DA:41,2
DA:42,1
DA:43,2
DA:47,1
DA:50,2
DA:52,5
DA:53,1
DA:54,2
DA:55,1
DA:56,2
DA:60,1
DA:63,2
DA:64,2
DA:65,1
DA:66,2
DA:67,1
DA:68,2
DA:72,1
DA:75,2
DA:77,3
DA:78,1
DA:79,2
DA:80,1
DA:81,2
DA:85,1
DA:88,2
DA:89,5
DA:90,1
DA:91,2
DA:92,1
DA:93,2
DA:97,1
DA:99,2
DA:100,5
DA:103,1
DA:105,2
DA:109,1
DA:113,3
DA:114,1
DA:115,1
DA:116,3
DA:120,1
DA:124,3
DA:125,1
DA:126,1
DA:127,3
LF:58
LH:58
end_of_record
SF:lib\domain\usecases\movie_usecase\get_movie_detail.dart
DA:9,1
DA:11,1
DA:12,2
LF:3
LH:3
end_of_record
SF:lib\domain\usecases\movie_usecase\get_movie_recommendations.dart
DA:9,1
DA:11,1
DA:12,2
LF:3
LH:3
end_of_record
SF:lib\domain\usecases\movie_usecase\get_now_playing_movies.dart
DA:9,1
DA:11,1
DA:12,2
LF:3
LH:3
end_of_record
SF:lib\domain\usecases\movie_usecase\get_popular_movies.dart
DA:9,1
DA:11,1
DA:12,2
LF:3
LH:3
end_of_record
SF:lib\domain\usecases\movie_usecase\get_top_rated_movies.dart
DA:9,1
DA:11,1
DA:12,2
LF:3
LH:3
end_of_record
SF:lib\domain\usecases\movie_usecase\get_watchlist_movies.dart
DA:9,1
DA:11,1
DA:12,2
LF:3
LH:3
end_of_record
SF:lib\domain\usecases\movie_usecase\get_watchlist_status.dart
DA:6,1
DA:8,1
DA:9,2
LF:3
LH:3
end_of_record
SF:lib\domain\usecases\movie_usecase\remove_watchlist.dart
DA:9,1
DA:11,1
DA:12,2
LF:3
LH:3
end_of_record
SF:lib\domain\usecases\movie_usecase\save_watchlist.dart
DA:9,1
DA:11,1
DA:12,2
LF:3
LH:3
end_of_record
SF:lib\domain\usecases\movie_usecase\search_movies.dart
DA:9,1
DA:11,1
DA:12,2
LF:3
LH:3
end_of_record
SF:lib\domain\usecases\tv_usecase\get_on_air_tv.dart
DA:9,1
DA:11,1
DA:12,2
LF:3
LH:3
end_of_record
SF:lib\domain\usecases\tv_usecase\get_popular_tv.dart
DA:9,1
DA:11,1
DA:12,2
LF:3
LH:3
end_of_record
SF:lib\domain\usecases\tv_usecase\get_recomendation_tv.dart
DA:9,1
DA:11,1
DA:12,2
LF:3
LH:3
end_of_record
SF:lib\domain\usecases\tv_usecase\get_top_rated_tv.dart
DA:9,1
DA:11,1
DA:12,2
LF:3
LH:3
end_of_record
SF:lib\domain\usecases\tv_usecase\get_tv_detail.dart
DA:9,1
DA:11,1
DA:12,2
LF:3
LH:3
end_of_record
SF:lib\domain\usecases\tv_usecase\get_watchlist_tv.dart
DA:9,1
DA:11,1
DA:12,2
LF:3
LH:3
end_of_record
SF:lib\domain\usecases\tv_usecase\get_watch_list_tv_status.dart
DA:6,1
DA:8,1
DA:9,2
LF:3
LH:3
end_of_record
SF:lib\domain\usecases\tv_usecase\remove_tv.dart
DA:9,1
DA:11,1
DA:12,2
LF:3
LH:3
end_of_record
SF:lib\domain\usecases\tv_usecase\save_tv.dart
DA:9,1
DA:11,1
DA:12,2
LF:3
LH:3
end_of_record
SF:lib\domain\usecases\tv_usecase\search_tv.dart
DA:9,1
DA:11,1
DA:12,2
LF:3
LH:3
end_of_record
SF:lib\presentation\provider\movie_provider\movie_detail_bloc\movie_detail_action\movie_detail_action_bloc.dart
DA:16,1
DA:20,2
DA:21,2
DA:22,2
DA:23,2
DA:26,1
DA:30,3
DA:31,1
DA:32,0
DA:33,3
DA:35,4
DA:36,2
DA:39,1
DA:43,3
DA:45,1
DA:46,4
DA:47,2
DA:48,1
DA:51,4
DA:52,2
DA:55,1
DA:59,3
DA:60,2
LF:23
LH:22
end_of_record
SF:lib\presentation\provider\movie_provider\movie_detail_bloc\movie_detail_action\movie_detail_action_event.dart
DA:5,2
DA:7,0
DA:8,0
DA:14,1
DA:16,0
DA:17,0
DA:23,1
DA:25,0
DA:26,0
DA:32,2
DA:34,0
DA:35,0
LF:12
LH:4
end_of_record
SF:lib\presentation\provider\movie_provider\movie_detail_bloc\movie_detail_action\movie_detail_action_state.dart
DA:4,2
DA:6,1
DA:7,1
DA:17,2
DA:19,1
DA:20,2
DA:26,2
DA:28,1
DA:29,2
DA:35,2
DA:37,1
DA:38,2
LF:12
LH:12
end_of_record
SF:lib\presentation\provider\movie_provider\movie_detail_bloc\movie_detail_bloc\movie_detail_bloc.dart
DA:11,1
DA:14,2
DA:15,2
DA:18,1
DA:20,2
DA:22,3
DA:24,3
DA:26,1
DA:27,4
DA:28,1
DA:29,1
DA:30,0
DA:31,1
DA:32,1
DA:33,1
LF:15
LH:14
end_of_record
SF:lib\presentation\provider\movie_provider\movie_detail_bloc\movie_detail_bloc\movie_detail_event.dart
DA:4,2
DA:6,0
DA:7,0
DA:13,2
DA:15,0
DA:16,0
LF:6
LH:2
end_of_record
SF:lib\presentation\provider\movie_provider\movie_detail_bloc\movie_detail_bloc\movie_detail_state.dart
DA:6,2
DA:8,1
DA:9,1
DA:19,1
DA:21,1
DA:22,2
DA:29,2
DA:34,1
DA:35,3
LF:9
LH:9
end_of_record
SF:lib\presentation\provider\movie_provider\movie_list_bloc\get_now_playing_movies\movie_get_now_playing_bloc.dart
DA:10,1
DA:12,2
DA:13,2
DA:14,2
DA:15,2
DA:16,1
DA:17,4
DA:18,3
LF:8
LH:8
end_of_record
SF:lib\presentation\provider\movie_provider\movie_list_bloc\get_now_playing_movies\movie_get_now_playing_state.dart
DA:5,1
DA:7,1
DA:8,1
DA:18,1
DA:20,1
DA:21,2
DA:27,1
DA:29,1
DA:30,2
LF:9
LH:9
end_of_record
SF:lib\presentation\provider\movie_provider\movie_list_bloc\get_popular_movies\movie_get_popular_bloc.dart
DA:10,1
DA:12,2
DA:13,2
DA:14,2
DA:15,2
DA:16,1
DA:17,4
DA:18,3
LF:8
LH:8
end_of_record
SF:lib\presentation\provider\movie_provider\movie_list_bloc\get_popular_movies\movie_get_popular_state.dart
DA:5,3
DA:7,1
DA:8,1
DA:18,2
DA:20,1
DA:21,2
DA:27,2
DA:29,1
DA:30,2
LF:9
LH:9
end_of_record
SF:lib\presentation\provider\movie_provider\movie_list_bloc\get_top_rated_movies\movie_get_top_rated_bloc.dart
DA:10,1
DA:12,2
DA:13,2
DA:14,2
DA:15,2
DA:16,1
DA:17,4
DA:18,3
LF:8
LH:8
end_of_record
SF:lib\presentation\provider\movie_provider\movie_list_bloc\get_top_rated_movies\movie_get_top_rated_state.dart
DA:5,3
DA:7,1
DA:8,1
DA:18,2
DA:20,1
DA:21,2
DA:27,2
DA:29,1
DA:30,2
LF:9
LH:9
end_of_record
SF:lib\presentation\provider\movie_provider\movie_search_bloc\search_bloc.dart
DA:9,3
DA:10,2
DA:11,1
DA:13,2
DA:14,2
DA:16,1
DA:17,1
DA:18,3
DA:20,1
DA:21,2
LF:10
LH:10
end_of_record
SF:lib\presentation\provider\movie_provider\movie_search_bloc\search_event.dart
DA:4,1
DA:6,0
DA:7,0
DA:13,1
DA:15,0
DA:16,0
LF:6
LH:2
end_of_record
SF:lib\presentation\provider\movie_provider\movie_search_bloc\search_state.dart
DA:5,1
DA:7,1
DA:8,1
DA:18,1
DA:20,1
DA:21,2
DA:27,1
DA:29,1
DA:30,2
LF:9
LH:9
end_of_record
SF:lib\presentation\provider\movie_provider\movie_watchlist_bloc\movie_watchlist_bloc.dart
DA:10,1
DA:12,2
DA:13,2
DA:14,2
DA:15,2
DA:16,1
DA:17,4
DA:18,3
LF:8
LH:8
end_of_record
SF:lib\presentation\provider\movie_provider\movie_watchlist_bloc\movie_watchlist_state.dart
DA:5,1
DA:7,1
DA:8,1
DA:18,1
DA:20,1
DA:21,2
DA:27,1
DA:29,1
DA:30,2
LF:9
LH:9
end_of_record
SF:lib\presentation\provider\tv_provider\tv_detail_bloc\tv_detail_action\tv_detail_action_bloc.dart
DA:16,1
DA:20,2
DA:21,2
DA:22,2
DA:23,2
DA:26,1
DA:30,3
DA:31,1
DA:32,0
DA:33,3
DA:35,4
DA:36,2
DA:39,1
DA:43,3
DA:45,1
DA:46,4
DA:47,2
DA:48,1
DA:51,4
DA:52,2
DA:55,1
DA:59,3
DA:60,2
LF:23
LH:22
end_of_record
SF:lib\presentation\provider\tv_provider\tv_detail_bloc\tv_detail_action\tv_detail_action_event.dart
DA:5,2
DA:7,0
DA:8,0
DA:14,1
DA:16,0
DA:17,0
DA:23,1
DA:25,0
DA:26,0
DA:32,2
DA:34,0
DA:35,0
LF:12
LH:4
end_of_record
SF:lib\presentation\provider\tv_provider\tv_detail_bloc\tv_detail_action\tv_detail_action_state.dart
DA:4,2
DA:6,1
DA:7,1
DA:17,2
DA:19,1
DA:20,2
DA:26,2
DA:28,1
DA:29,2
DA:35,2
DA:37,1
DA:38,2
LF:12
LH:12
end_of_record
SF:lib\presentation\provider\tv_provider\tv_detail_bloc\tv_detail_bloc\tv_detail_bloc.dart
DA:11,1
DA:14,2
DA:15,2
DA:18,1
DA:20,2
DA:22,3
DA:23,3
DA:25,1
DA:26,4
DA:27,1
DA:28,1
DA:29,0
DA:30,1
DA:31,1
DA:32,1
LF:15
LH:14
end_of_record
SF:lib\presentation\provider\tv_provider\tv_detail_bloc\tv_detail_bloc\tv_detail_event.dart
DA:4,2
DA:6,0
DA:7,0
DA:13,2
DA:15,0
DA:16,0
LF:6
LH:2
end_of_record
SF:lib\presentation\provider\tv_provider\tv_detail_bloc\tv_detail_bloc\tv_detail_state.dart
DA:6,2
DA:8,1
DA:9,1
DA:19,1
DA:21,1
DA:22,2
DA:29,2
DA:34,1
DA:35,3
LF:9
LH:9
end_of_record
SF:lib\presentation\provider\tv_provider\tv_list_bloc\tv_popular_bloc\tv_popular_bloc.dart
DA:10,2
DA:12,4
DA:13,4
DA:14,4
DA:15,4
DA:16,2
DA:17,8
DA:18,6
LF:8
LH:8
end_of_record
SF:lib\presentation\provider\tv_provider\tv_list_bloc\tv_popular_bloc\tv_popular_state.dart
DA:5,4
DA:7,2
DA:8,2
DA:18,3
DA:20,2
DA:21,4
DA:27,3
DA:29,2
DA:30,4
LF:9
LH:9
end_of_record
SF:lib\presentation\provider\tv_provider\tv_list_bloc\tv_on_air_bloc\tv_on_air_bloc.dart
DA:9,1
DA:11,2
DA:12,2
DA:13,2
DA:14,2
DA:15,1
DA:16,4
DA:17,3
LF:8
LH:8
end_of_record
SF:lib\presentation\provider\tv_provider\tv_list_bloc\tv_on_air_bloc\tv_on_air_state.dart
DA:5,3
DA:7,1
DA:8,1
DA:18,2
DA:20,1
DA:21,2
DA:27,2
DA:29,1
DA:30,2
LF:9
LH:9
end_of_record
SF:lib\presentation\provider\tv_provider\tv_search_bloc\tv_search_bloc.dart
DA:9,3
DA:10,2
DA:11,1
DA:13,2
DA:14,2
DA:16,1
DA:17,1
DA:18,3
DA:20,1
DA:21,2
LF:10
LH:10
end_of_record
SF:lib\presentation\provider\tv_provider\tv_search_bloc\tv_search_event.dart
DA:4,1
DA:6,0
DA:7,0
DA:13,1
DA:15,0
DA:16,0
LF:6
LH:2
end_of_record
SF:lib\presentation\provider\tv_provider\tv_search_bloc\tv_search_state.dart
DA:5,1
DA:7,1
DA:8,1
DA:18,1
DA:20,1
DA:21,2
DA:27,1
DA:29,1
DA:30,2
LF:9
LH:9
end_of_record
SF:lib\presentation\provider\tv_provider\tv_watchlist_bloc\tv_watchlist_bloc.dart
DA:9,1
DA:11,2
DA:12,2
DA:13,2
DA:14,2
DA:15,1
DA:16,4
DA:17,3
LF:8
LH:8
end_of_record
SF:lib\presentation\provider\tv_provider\tv_watchlist_bloc\tv_watchlist_state.dart
DA:5,1
DA:7,1
DA:8,1
DA:18,1
DA:20,1
DA:21,2
DA:27,1
DA:29,1
DA:30,2
LF:9
LH:9
end_of_record
SF:lib\presentation\pages\movie_detail\movie_detail_page.dart
DA:15,1
DA:17,1
DA:18,1
DA:22,1
DA:24,1
DA:25,2
DA:26,6
DA:27,6
DA:31,1
DA:33,1
DA:34,1
DA:35,1
DA:36,1
DA:37,1
DA:38,1
DA:39,2
DA:40,3
DA:42,1
DA:43,1
DA:45,2
DA:47,2
DA:54,1
DA:55,1
DA:56,1
DA:58,1
DA:59,1
DA:60,1
DA:62,1
DA:63,1
DA:65,1
DA:66,1
DA:69,1
DA:70,1
DA:78,0
DA:79,0
LF:35
LH:33
end_of_record
SF:lib\common\constants.dart
DA:15,2
DA:16,1
DA:17,15
DA:19,0
DA:21,0
DA:25,0
DA:26,0
DA:27,0
DA:28,0
DA:29,0
DA:32,0
DA:33,0
LF:12
LH:3
end_of_record
SF:lib\presentation\pages\movie_detail\movie_detail_content.dart
DA:15,1
DA:21,1
DA:23,3
DA:24,1
DA:25,1
DA:26,1
DA:27,3
DA:29,1
DA:30,2
DA:31,0
DA:33,1
DA:35,1
DA:36,1
DA:37,1
DA:38,1
DA:40,2
DA:43,1
DA:45,1
DA:47,1
DA:48,4
DA:50,1
DA:51,2
DA:53,4
DA:54,4
DA:55,1
DA:56,1
DA:57,1
DA:58,3
DA:60,1
DA:64,4
DA:68,2
DA:69,3
DA:71,2
DA:72,2
DA:81,1
DA:83,1
DA:86,1
DA:88,0
DA:96,5
DA:98,1
DA:99,1
DA:100,1
DA:101,2
LF:43
LH:41
end_of_record
SF:lib\presentation\pages\movie_detail\recommendation_list.dart
DA:9,1
DA:11,1
DA:13,1
DA:15,1
DA:17,2
DA:18,0
DA:19,0
DA:20,0
DA:22,0
DA:23,0
DA:24,0
DA:27,0
DA:30,0
DA:31,0
DA:32,0
DA:34,0
DA:35,0
DA:37,0
LF:18
LH:5
end_of_record
SF:lib\presentation\pages\movie_detail\watchlist_button.dart
DA:11,1
DA:16,1
DA:18,1
DA:19,0
DA:20,0
DA:21,0
DA:23,0
DA:26,1
DA:28,1
DA:29,2
LF:10
LH:6
end_of_record
SF:lib\presentation\pages\popular_movies_page.dart
DA:11,1
DA:12,1
DA:16,1
DA:18,1
DA:19,1
DA:20,5
DA:23,1
DA:25,1
DA:26,1
DA:27,1
DA:29,1
DA:31,1
DA:32,1
DA:33,1
DA:34,1
DA:35,1
DA:37,1
DA:38,1
DA:39,1
DA:40,2
DA:41,1
DA:43,2
DA:45,1
DA:46,1
DA:47,3
DA:49,0
LF:26
LH:25
end_of_record
SF:lib\presentation\widgets\movie_card_list.dart
DA:10,2
DA:12,2
DA:14,2
DA:16,2
DA:17,0
DA:18,0
DA:21,0
DA:24,2
DA:26,2
DA:27,2
DA:28,2
DA:34,2
DA:36,2
DA:37,2
DA:38,4
DA:41,2
DA:43,2
DA:44,2
DA:45,4
DA:53,2
DA:58,2
DA:59,2
DA:60,6
DA:62,4
DA:63,2
DA:65,0
DA:67,4
LF:27
LH:23
end_of_record
SF:lib\presentation\pages\top_rated_movies_page.dart
DA:11,1
DA:12,1
DA:16,1
DA:18,1
DA:19,4
DA:22,1
DA:24,1
DA:25,1
DA:26,1
DA:28,1
DA:30,1
DA:31,1
DA:32,1
DA:33,1
DA:34,1
DA:36,1
DA:37,1
DA:38,1
DA:39,2
DA:40,1
DA:42,2
DA:44,1
DA:45,1
DA:46,3
DA:48,0
LF:25
LH:24
end_of_record
SF:lib\presentation\pages\on_air_tv_page.dart
DA:11,1
DA:12,1
DA:16,1
DA:18,1
DA:19,4
DA:22,1
DA:24,1
DA:25,1
DA:26,1
DA:28,1
DA:30,1
DA:31,1
DA:32,1
DA:33,1
DA:34,1
DA:36,1
DA:37,1
DA:38,1
DA:39,2
DA:40,1
DA:42,2
DA:44,1
DA:45,1
DA:46,3
DA:48,0
LF:25
LH:24
end_of_record
SF:lib\presentation\widgets\media_card_list.dart
DA:13,2
DA:16,2
DA:18,2
DA:20,2
DA:22,2
DA:23,0
DA:24,0
DA:25,0
DA:28,0
DA:30,0
DA:31,0
DA:34,0
DA:38,2
DA:40,2
DA:41,2
DA:42,2
DA:48,2
DA:50,2
DA:51,2
DA:52,4
DA:55,2
DA:57,2
DA:58,2
DA:59,4
DA:67,2
DA:69,2
DA:70,4
DA:71,2
DA:72,6
DA:74,2
DA:75,4
DA:76,0
LF:32
LH:24
end_of_record
SF:lib\presentation\pages\tv_detail_page.dart
DA:17,2
DA:19,1
DA:20,1
DA:24,1
DA:26,1
DA:27,2
DA:28,6
DA:29,6
DA:33,1
DA:35,1
DA:36,1
DA:37,1
DA:38,1
DA:39,1
DA:40,1
DA:41,1
DA:42,4
DA:43,1
DA:44,1
DA:46,2
DA:47,2
DA:54,1
DA:55,1
DA:56,1
DA:58,1
DA:59,1
DA:60,1
DA:62,1
DA:63,1
DA:65,1
DA:66,1
DA:69,1
DA:70,1
DA:78,0
DA:79,0
LF:35
LH:33
end_of_record
SF:lib\presentation\widgets\tv_detail_view.dart
DA:19,1
DA:24,1
DA:26,1
DA:28,3
DA:30,1
DA:31,1
DA:32,1
DA:33,3
DA:36,1
DA:38,0
DA:40,1
DA:44,1
DA:45,1
DA:50,1
DA:53,1
DA:55,1
DA:56,1
DA:58,1
DA:60,1
DA:62,3
DA:64,3
DA:66,1
DA:67,1
DA:70,3
DA:77,1
DA:82,1
DA:84,1
DA:85,0
DA:87,0
DA:89,0
DA:92,1
DA:94,1
DA:95,1
DA:103,2
DA:104,1
DA:107,1
DA:109,1
DA:114,2
DA:116,1
DA:117,1
DA:118,2
DA:119,1
DA:120,1
DA:121,1
DA:122,1
DA:125,1
DA:126,6
DA:127,1
DA:128,1
DA:129,1
DA:130,1
DA:132,1
DA:133,3
DA:134,1
DA:135,1
DA:136,1
DA:137,1
DA:142,2
DA:143,1
DA:144,1
DA:145,3
DA:147,1
DA:152,4
DA:157,2
DA:159,1
DA:161,1
DA:163,0
LF:67
LH:62
end_of_record
SF:lib\presentation\widgets\expandable_text.dart
DA:7,1
DA:11,1
DA:13,1
DA:14,1
DA:20,1
DA:22,4
DA:27,1
DA:29,1
DA:30,1
DA:31,2
DA:32,3
DA:33,1
DA:34,4
DA:38,4
DA:39,0
DA:40,0
DA:41,0
DA:43,0
DA:44,0
LF:19
LH:14
end_of_record
SF:lib\presentation\widgets\overview_section.dart
DA:7,2
DA:9,1
DA:11,3
DA:13,1
DA:15,1
DA:16,1
DA:18,1
DA:19,1
DA:20,1
DA:21,1
DA:25,2
LF:11
LH:11
end_of_record
SF:lib\presentation\widgets\recommendation_section.dart
DA:10,1
DA:11,1
DA:13,1
DA:15,2
DA:19,0
DA:21,0
DA:22,0
DA:24,0
DA:25,0
DA:26,0
DA:27,0
DA:30,0
DA:32,0
DA:34,0
DA:35,0
DA:36,0
DA:37,0
DA:39,0
DA:40,0
DA:41,0
DA:44,0
DA:47,0
DA:48,0
DA:49,0
DA:50,0
DA:53,0
DA:56,0
LF:27
LH:4
end_of_record
SF:lib\presentation\widgets\season_list_section.dart
DA:9,2
DA:11,1
DA:13,1
DA:15,1
DA:16,1
DA:17,1
DA:18,1
DA:19,1
DA:20,1
DA:22,2
DA:23,0
DA:25,0
DA:27,0
DA:28,0
DA:29,0
DA:30,0
DA:33,0
DA:34,0
DA:36,0
DA:37,0
DA:38,0
DA:39,0
DA:40,0
DA:41,0
DA:43,0
DA:44,0
DA:45,0
DA:46,0
DA:47,0
DA:48,0
DA:50,0
DA:51,0
DA:53,0
DA:60,0
DA:61,0
DA:63,0
DA:90,1
DA:95,0
DA:98,0
DA:99,0
DA:107,0
DA:108,0
DA:112,0
DA:114,0
LF:44
LH:11
end_of_record
SF:lib\presentation\pages\popular_tv_page.dart
DA:11,1
DA:12,1
DA:16,1
DA:18,1
DA:19,4
DA:22,1
DA:24,1
DA:25,1
DA:26,1
DA:28,1
DA:30,1
DA:31,1
DA:32,1
DA:33,1
DA:34,1
DA:36,1
DA:37,1
DA:38,1
DA:39,2
DA:40,1
DA:42,2
DA:44,1
DA:45,1
DA:46,3
DA:48,0
LF:25
LH:24
end_of_record
